<?xml version="1.0" encoding="UTF-8"?>
<testng-results skipped="0" failed="0" ignored="0" total="1" passed="1">
  <reporter-output>
  </reporter-output>
  <suite name="Default suite" duration-ms="47" started-at="2019-01-19T18:32:56Z" finished-at="2019-01-19T18:32:56Z">
    <groups>
    </groups>
    <test name="Default test" duration-ms="47" started-at="2019-01-19T18:32:56Z" finished-at="2019-01-19T18:32:56Z">
      <class name="seleniumAdvanced.Log4j2Demo">
        <test-method status="PASS" signature="performSomeTask()[pri:0, instance:seleniumAdvanced.Log4j2Demo@139982de]" name="performSomeTask" duration-ms="27" started-at="2019-01-19T18:32:56Z" finished-at="2019-01-19T18:32:56Z">
          <reporter-output>
          </reporter-output>
        </test-method> <!-- performSomeTask -->
      </class> <!-- seleniumAdvanced.Log4j2Demo -->
    </test> <!-- Default test -->
  </suite> <!-- Default suite -->
</testng-results>
